# JRE version: Java(TM) SE Runtime Environment (8.0_111-b14) (build 1.8.0_111-b14)
# Java VM: Java HotSpot(TM) 64-Bit Server VM (25.111-b14 mixed mode linux-amd64 compressed oops)
Heap:
 PSYoungGen      total 390144K, used 30708K [0x00000000d7000000, 0x00000000fcb00000, 0x0000000100000000)
  eden space 166400K, 0% used [0x00000000d7000000,0x00000000d7000000,0x00000000e1280000)
  from space 223744K, 13% used [0x00000000eed00000,0x00000000f0afd248,0x00000000fc780000)
  to   space 223744K, 0% used [0x00000000e1280000,0x00000000e1280000,0x00000000eed00000)
 ParOldGen       total 852992K, used 852665K [0x0000000085000000, 0x00000000b9100000, 0x00000000d7000000)
  object space 852992K, 99% used [0x0000000085000000,0x00000000b90ae738,0x00000000b9100000)
 Metaspace       used 3916K, capacity 4640K, committed 4864K, reserved 1056768K
  class space    used 421K, capacity 464K, committed 512K, reserved 1048576K
GC Heap History (10 events):
Event: 7,811 GC heap after
Heap after GC invocations=14 (full 3):
 PSYoungGen      total 323072K, used 203968K [0x00000000d7000000, 0x00000000fa400000, 0x0000000100000000)
  eden space 99328K, 0% used [0x00000000d7000000,0x00000000d7000000,0x00000000dd100000)
  from space 223744K, 91% used [0x00000000dd100000,0x00000000e9830000,0x00000000eab80000)
  to   space 223744K, 0% used [0x00000000ec980000,0x00000000ec980000,0x00000000fa400000)
 ParOldGen       total 557056K, used 421393K [0x0000000085000000, 0x00000000a7000000, 0x00000000d7000000)
  object space 557056K, 75% used [0x0000000085000000,0x000000009eb84550,0x00000000a7000000)
 Metaspace       used 3916K, capacity 4640K, committed 4864K, reserved 1056768K
  class space    used 421K, capacity 464K, committed 512K, reserved 1048576K
}
Event: 7,925 GC heap before
{Heap before GC invocations=15 (full 3):
 PSYoungGen      total 323072K, used 303296K [0x00000000d7000000, 0x00000000fa400000, 0x0000000100000000)
  eden space 99328K, 100% used [0x00000000d7000000,0x00000000dd100000,0x00000000dd100000)
  from space 223744K, 91% used [0x00000000dd100000,0x00000000e9830000,0x00000000eab80000)
  to   space 223744K, 0% used [0x00000000ec980000,0x00000000ec980000,0x00000000fa400000)
 ParOldGen       total 557056K, used 421393K [0x0000000085000000, 0x00000000a7000000, 0x00000000d7000000)
  object space 557056K, 75% used [0x0000000085000000,0x000000009eb84550,0x00000000a7000000)
 Metaspace       used 3916K, capacity 4640K, committed 4864K, reserved 1056768K
  class space    used 421K, capacity 464K, committed 512K, reserved 1048576K
Event: 8,329 GC heap after
Heap after GC invocations=15 (full 3):
 PSYoungGen      total 353792K, used 143168K [0x00000000d7000000, 0x00000000fa800000, 0x0000000100000000)
  eden space 130048K, 0% used [0x00000000d7000000,0x00000000d7000000,0x00000000def00000)
  from space 223744K, 63% used [0x00000000ec980000,0x00000000f5550000,0x00000000fa400000)
  to   space 223744K, 0% used [0x00000000def00000,0x00000000def00000,0x00000000ec980000)
 ParOldGen       total 557056K, used 554033K [0x0000000085000000, 0x00000000a7000000, 0x00000000d7000000)
  object space 557056K, 99% used [0x0000000085000000,0x00000000a6d0c550,0x00000000a7000000)
 Metaspace       used 3916K, capacity 4640K, committed 4864K, reserved 1056768K
  class space    used 421K, capacity 464K, committed 512K, reserved 1048576K
}
Event: 8,329 GC heap before
{Heap before GC invocations=16 (full 4):
 PSYoungGen      total 353792K, used 143168K [0x00000000d7000000, 0x00000000fa800000, 0x0000000100000000)
  eden space 130048K, 0% used [0x00000000d7000000,0x00000000d7000000,0x00000000def00000)
  from space 223744K, 63% used [0x00000000ec980000,0x00000000f5550000,0x00000000fa400000)
  to   space 223744K, 0% used [0x00000000def00000,0x00000000def00000,0x00000000ec980000)
 ParOldGen       total 557056K, used 554033K [0x0000000085000000, 0x00000000a7000000, 0x00000000d7000000)
  object space 557056K, 99% used [0x0000000085000000,0x00000000a6d0c550,0x00000000a7000000)
 Metaspace       used 3916K, capacity 4640K, committed 4864K, reserved 1056768K
  class space    used 421K, capacity 464K, committed 512K, reserved 1048576K
Event: 11,745 GC heap after
Heap after GC invocations=16 (full 4):
 PSYoungGen      total 353792K, used 139355K [0x00000000d7000000, 0x00000000fa800000, 0x0000000100000000)
  eden space 130048K, 0% used [0x00000000d7000000,0x00000000d7000000,0x00000000def00000)
  from space 223744K, 62% used [0x00000000ec980000,0x00000000f5196fb8,0x00000000fa400000)
  to   space 223744K, 0% used [0x00000000def00000,0x00000000def00000,0x00000000ec980000)
 ParOldGen       total 852992K, used 556878K [0x0000000085000000, 0x00000000b9100000, 0x00000000d7000000)
  object space 852992K, 65% used [0x0000000085000000,0x00000000a6fd39a0,0x00000000b9100000)
 Metaspace       used 3916K, capacity 4640K, committed 4864K, reserved 1056768K
  class space    used 421K, capacity 464K, committed 512K, reserved 1048576K
}
Event: 11,896 GC heap before
{Heap before GC invocations=17 (full 4):
 PSYoungGen      total 353792K, used 269403K [0x00000000d7000000, 0x00000000fa800000, 0x0000000100000000)
  eden space 130048K, 100% used [0x00000000d7000000,0x00000000def00000,0x00000000def00000)
  from space 223744K, 62% used [0x00000000ec980000,0x00000000f5196fb8,0x00000000fa400000)
  to   space 223744K, 0% used [0x00000000def00000,0x00000000def00000,0x00000000ec980000)
 ParOldGen       total 852992K, used 556878K [0x0000000085000000, 0x00000000b9100000, 0x00000000d7000000)
  object space 852992K, 65% used [0x0000000085000000,0x00000000a6fd39a0,0x00000000b9100000)
 Metaspace       used 3916K, capacity 4640K, committed 4864K, reserved 1056768K
  class space    used 421K, capacity 464K, committed 512K, reserved 1048576K
Event: 12,337 GC heap after
Heap after GC invocations=17 (full 4):
 PSYoungGen      total 353792K, used 93728K [0x00000000d7000000, 0x00000000fc780000, 0x0000000100000000)
  eden space 130048K, 0% used [0x00000000d7000000,0x00000000d7000000,0x00000000def00000)
  from space 223744K, 41% used [0x00000000def00000,0x00000000e4a88000,0x00000000ec980000)
  to   space 223744K, 0% used [0x00000000eed00000,0x00000000eed00000,0x00000000fc780000)
 ParOldGen       total 852992K, used 696726K [0x0000000085000000, 0x00000000b9100000, 0x00000000d7000000)
  object space 852992K, 81% used [0x0000000085000000,0x00000000af8659a0,0x00000000b9100000)
 Metaspace       used 3916K, capacity 4640K, committed 4864K, reserved 1056768K
  class space    used 421K, capacity 464K, committed 512K, reserved 1048576K
}
Event: 12,477 GC heap before
{Heap before GC invocations=18 (full 4):
 PSYoungGen      total 353792K, used 223776K [0x00000000d7000000, 0x00000000fc780000, 0x0000000100000000)
  eden space 130048K, 100% used [0x00000000d7000000,0x00000000def00000,0x00000000def00000)
  from space 223744K, 41% used [0x00000000def00000,0x00000000e4a88000,0x00000000ec980000)
  to   space 223744K, 0% used [0x00000000eed00000,0x00000000eed00000,0x00000000fc780000)
 ParOldGen       total 852992K, used 696726K [0x0000000085000000, 0x00000000b9100000, 0x00000000d7000000)
  object space 852992K, 81% used [0x0000000085000000,0x00000000af8659a0,0x00000000b9100000)
 Metaspace       used 3916K, capacity 4640K, committed 4864K, reserved 1056768K
  class space    used 421K, capacity 464K, committed 512K, reserved 1048576K
Event: 12,729 GC heap after
Heap after GC invocations=18 (full 4):
 PSYoungGen      total 390144K, used 93792K [0x00000000d7000000, 0x00000000fcb00000, 0x0000000100000000)
  eden space 166400K, 0% used [0x00000000d7000000,0x00000000d7000000,0x00000000e1280000)
  from space 223744K, 41% used [0x00000000eed00000,0x00000000f4898000,0x00000000fc780000)
  to   space 223744K, 0% used [0x00000000e1280000,0x00000000e1280000,0x00000000eed00000)
 ParOldGen       total 852992K, used 790630K [0x0000000085000000, 0x00000000b9100000, 0x00000000d7000000)
  object space 852992K, 92% used [0x0000000085000000,0x00000000b54199a0,0x00000000b9100000)
 Metaspace       used 3916K, capacity 4640K, committed 4864K, reserved 1056768K
  class space    used 421K, capacity 464K, committed 512K, reserved 1048576K
}
Event: 12,729 GC heap before
{Heap before GC invocations=19 (full 5):
 PSYoungGen      total 390144K, used 93792K [0x00000000d7000000, 0x00000000fcb00000, 0x0000000100000000)
  eden space 166400K, 0% used [0x00000000d7000000,0x00000000d7000000,0x00000000e1280000)
  from space 223744K, 41% used [0x00000000eed00000,0x00000000f4898000,0x00000000fc780000)
  to   space 223744K, 0% used [0x00000000e1280000,0x00000000e1280000,0x00000000eed00000)
 ParOldGen       total 852992K, used 790630K [0x0000000085000000, 0x00000000b9100000, 0x00000000d7000000)
  object space 852992K, 92% used [0x0000000085000000,0x00000000b54199a0,0x00000000b9100000)
 Metaspace       used 3916K, capacity 4640K, committed 4864K, reserved 1056768K
  class space    used 421K, capacity 464K, committed 512K, reserved 1048576K

